[2022-03-19 15:38:06.423] [main] [info] update#setState idle
[2022-03-19 15:38:06.530] [main] [info] window#load: attempt to load window (id: 1)
[2022-03-19 15:38:06.614] [main] [info] ExtensionHostStarterWorker created
[2022-03-19 15:38:08.883] [main] [info] window#load: window reported ready (id: 1)
[2022-03-19 15:38:09.736] [main] [info] Starting extension host with pid 21015 (fork() took 14 ms).
[2022-03-19 15:38:09.736] [main] [info] ExtensionHostStarterWorker.start() took 35 ms.
[2022-03-19 15:38:15.751] [main] [info] window#load: attempt to load window (id: 1)
[2022-03-19 15:38:15.795] [main] [info] Extension host with pid 21015 exited with code: 0, signal: null.
[2022-03-19 15:38:17.223] [main] [info] window#load: window reported ready (id: 1)
[2022-03-19 15:38:17.779] [main] [info] Starting extension host with pid 21084 (fork() took 9 ms).
[2022-03-19 15:38:17.780] [main] [info] ExtensionHostStarterWorker.start() took 12 ms.
[2022-03-19 15:38:28.093] [main] [info] window#load: attempt to load window (id: 1)
[2022-03-19 15:38:28.115] [main] [info] Extension host with pid 21084 exited with code: 0, signal: null.
[2022-03-19 15:38:29.464] [main] [info] window#load: window reported ready (id: 1)
[2022-03-19 15:38:29.900] [main] [info] Starting extension host with pid 21154 (fork() took 33 ms).
[2022-03-19 15:38:29.900] [main] [info] ExtensionHostStarterWorker.start() took 44 ms.
[2022-03-19 15:38:36.428] [main] [info] update#setState checking for updates
[2022-03-19 15:38:36.429] [main] [info] update#setState idle
[2022-03-19 16:38:36.458] [main] [info] update#setState checking for updates
[2022-03-19 16:38:36.462] [main] [info] update#setState idle
[2022-03-19 17:38:36.468] [main] [info] update#setState checking for updates
[2022-03-19 17:38:36.470] [main] [info] update#setState idle
[2022-03-19 18:38:36.568] [main] [info] update#setState checking for updates
[2022-03-19 18:38:36.571] [main] [info] update#setState idle
[2022-03-19 19:38:36.667] [main] [info] update#setState checking for updates
[2022-03-19 19:38:36.670] [main] [info] update#setState idle
[2022-03-19 20:38:36.768] [main] [info] update#setState checking for updates
[2022-03-19 20:38:36.773] [main] [info] update#setState idle
[2022-03-19 21:38:36.868] [main] [info] update#setState checking for updates
[2022-03-19 21:38:36.871] [main] [info] update#setState idle
[2022-03-19 22:38:36.870] [main] [info] update#setState checking for updates
[2022-03-19 22:38:36.872] [main] [info] update#setState idle
[2022-03-19 23:38:36.968] [main] [info] update#setState checking for updates
[2022-03-19 23:38:36.970] [main] [info] update#setState idle
